{"D:\\namaste react practice\\src\\component\\Contact.js": {"path":"D:\\namaste react practice\\src\\component\\Contact.js","statementMap":{"0":{"start":{"line":1,"column":16},"end":{"line":33,"column":3}},"1":{"start":{"line":2,"column":4},"end":{"line":32,"column":6}}},"fnMap":{"0":{"name":"(anonymous_0)","decl":{"start":{"line":1,"column":16},"end":{"line":1,"column":17}},"loc":{"start":{"line":1,"column":22},"end":{"line":33,"column":3}},"line":1}},"branchMap":{},"s":{"0":1,"1":3},"f":{"0":3},"b":{},"_coverageSchema":"1a1c01bbd47fc00a2c39e90264f33305004495a9","hash":"2b78e413774e94d97b87a9995eff0a093970f20b"}
,"D:\\namaste react practice\\src\\component\\sum.js": {"path":"D:\\namaste react practice\\src\\component\\sum.js","statementMap":{"0":{"start":{"line":3,"column":19},"end":{"line":5,"column":1}},"1":{"start":{"line":4,"column":2},"end":{"line":4,"column":12}}},"fnMap":{"0":{"name":"(anonymous_0)","decl":{"start":{"line":3,"column":19},"end":{"line":3,"column":20}},"loc":{"start":{"line":3,"column":28},"end":{"line":5,"column":1}},"line":3}},"branchMap":{},"s":{"0":1,"1":1},"f":{"0":1},"b":{},"_coverageSchema":"1a1c01bbd47fc00a2c39e90264f33305004495a9","hash":"df2039b2d3de4d93934863dd055cdef8059717bd"}
}
